#
# There is insufficient memory for the Java Runtime Environment to continue.
# Native memory allocation (malloc) failed to allocate 262160 bytes for Chunk::new
# Possible reasons:
#   The system is out of physical RAM or swap space
#   The process is running with CompressedOops enabled, and the Java Heap may be blocking the growth of the native heap
# Possible solutions:
#   Reduce memory load on the system
#   Increase physical memory or swap space
#   Check if swap backing store is full
#   Decrease Java heap size (-Xmx/-Xms)
#   Decrease number of Java threads
#   Decrease Java thread stack sizes (-Xss)
#   Set larger code cache with -XX:ReservedCodeCacheSize=
#   JVM is running with Unscaled Compressed Oops mode in which the Java heap is
#     placed in the first 4GB address space. The Java Heap base address is the
#     maximum limit for the native heap growth. Please use -XX:HeapBaseMinAddress
#     to set the Java Heap base and to place the Java Heap above 4GB virtual address.
# This output file may be truncated or incomplete.
#
#  Out of Memory Error (arena.cpp:189), pid=1744, tid=3476
#
# JRE version: OpenJDK Runtime Environment JBR-17.0.4.1+7-469.62-jcef (17.0.4.1+7) (build 17.0.4.1+7-b469.62)
# Java VM: OpenJDK 64-Bit Server VM JBR-17.0.4.1+7-469.62-jcef (17.0.4.1+7-b469.62, mixed mode, tiered, compressed oops, compressed class ptrs, g1 gc, windows-amd64)
# No core dump will be written. Minidumps are not enabled by default on client versions of Windows
#

---------------  S U M M A R Y ------------

Command Line: -Dawt.toolkit=com.intellij.desktop.DesktopActionsToolkit -Djava.rmi.server.hostname=127.0.0.1 -Duser.timezone=UTC -Xmx750m -Xms128m --add-exports=java.desktop/sun.awt=ALL-UNNAMED --add-exports=java.desktop/java.awt.peer=ALL-UNNAMED --add-opens=java.desktop/java.awt=ALL-UNNAMED --add-opens=jdk.unsupported/sun.misc=ALL-UNNAMED --add-opens=java.base/java.nio=ALL-UNNAMED -Dfile.encoding=UTF-8 com.intellij.database.remote.RemoteJdbcServer com.mysql.cj.jdbc.Driver

Host: Intel(R) Core(TM) i5-4200U CPU @ 1.60GHz, 4 cores, 7G,  Windows 10 , 64 bit Build 19041 (10.0.19041.2546)
Time: Wed Mar  1 22:16:45 2023 FLE Standard Time elapsed time: 1318.895144 seconds (0d 0h 21m 58s)

---------------  T H R E A D  ---------------

Current thread (0x000001f261514810):  JavaThread "C2 CompilerThread0" daemon [_thread_in_native, id=3476, stack(0x00000008e5800000,0x00000008e5900000)]


Current CompileTask:
C2:1318895 2748       4       java.io.ObjectInputStream::readClassDesc (121 bytes)

Stack: [0x00000008e5800000,0x00000008e5900000]
Native frames: (J=compiled Java code, j=interpreted, Vv=VM code, C=native code)
V  [jvm.dll+0x68356a]
V  [jvm.dll+0x83fab4]
V  [jvm.dll+0x84125e]
V  [jvm.dll+0x8418c3]
V  [jvm.dll+0x249735]
V  [jvm.dll+0xabd5c]
V  [jvm.dll+0xac32c]
V  [jvm.dll+0xabe6b]
V  [jvm.dll+0x6619c9]
V  [jvm.dll+0x7a14c]
V  [jvm.dll+0x6159c8]
V  [jvm.dll+0x613a84]
V  [jvm.dll+0x21bcb8]
V  [jvm.dll+0x21b261]
V  [jvm.dll+0x1a4dfd]
V  [jvm.dll+0x22acd8]
V  [jvm.dll+0x228d89]
V  [jvm.dll+0x7f53ac]
V  [jvm.dll+0x7ef8da]
V  [jvm.dll+0x6823a5]
C  [ucrtbase.dll+0x21bb2]
C  [KERNEL32.DLL+0x17614]
C  [ntdll.dll+0x526a1]


---------------  P R O C E S S  ---------------

Threads class SMR info:
_java_thread_list=0x000001f263c67450, length=23, elements={
0x000001f24a320360, 0x000001f260acd7e0, 0x000001f260acf570, 0x000001f261512130,
0x000001f2615129f0, 0x000001f2615132b0, 0x000001f261513b70, 0x000001f261514810,
0x000001f2615151c0, 0x000001f261567e40, 0x000001f261678030, 0x000001f261678500,
0x000001f261714040, 0x000001f2619c52f0, 0x000001f2619a9e40, 0x000001f261a17670,
0x000001f261a15440, 0x000001f261a15910, 0x000001f261a21bb0, 0x000001f261a12a10,
0x000001f261a63570, 0x000001f261a630a0, 0x000001f261a65250
}

Java Threads: ( => current thread )
  0x000001f24a320360 JavaThread "main" [_thread_blocked, id=13444, stack(0x00000008e4b00000,0x00000008e4c00000)]
  0x000001f260acd7e0 JavaThread "Reference Handler" daemon [_thread_blocked, id=13652, stack(0x00000008e5200000,0x00000008e5300000)]
  0x000001f260acf570 JavaThread "Finalizer" daemon [_thread_blocked, id=1300, stack(0x00000008e5300000,0x00000008e5400000)]
  0x000001f261512130 JavaThread "Signal Dispatcher" daemon [_thread_blocked, id=11124, stack(0x00000008e5400000,0x00000008e5500000)]
  0x000001f2615129f0 JavaThread "Attach Listener" daemon [_thread_blocked, id=4544, stack(0x00000008e5500000,0x00000008e5600000)]
  0x000001f2615132b0 JavaThread "Service Thread" daemon [_thread_blocked, id=12064, stack(0x00000008e5600000,0x00000008e5700000)]
  0x000001f261513b70 JavaThread "Monitor Deflation Thread" daemon [_thread_blocked, id=9168, stack(0x00000008e5700000,0x00000008e5800000)]
=>0x000001f261514810 JavaThread "C2 CompilerThread0" daemon [_thread_in_native, id=3476, stack(0x00000008e5800000,0x00000008e5900000)]
  0x000001f2615151c0 JavaThread "C1 CompilerThread0" daemon [_thread_blocked, id=4880, stack(0x00000008e5900000,0x00000008e5a00000)]
  0x000001f261567e40 JavaThread "Sweeper thread" daemon [_thread_blocked, id=6804, stack(0x00000008e5a00000,0x00000008e5b00000)]
  0x000001f261678030 JavaThread "Common-Cleaner" daemon [_thread_blocked, id=2312, stack(0x00000008e5b00000,0x00000008e5c00000)]
  0x000001f261678500 JavaThread "Notification Thread" daemon [_thread_blocked, id=6464, stack(0x00000008e5c00000,0x00000008e5d00000)]
  0x000001f261714040 JavaThread "mysql-cj-abandoned-connection-cleanup" daemon [_thread_blocked, id=2664, stack(0x00000008e5e00000,0x00000008e5f00000)]
  0x000001f2619c52f0 JavaThread "Java2D Disposer" daemon [_thread_blocked, id=7440, stack(0x00000008e5f00000,0x00000008e6000000)]
  0x000001f2619a9e40 JavaThread "AWT-Windows" daemon [_thread_in_native, id=13120, stack(0x00000008e6100000,0x00000008e6200000)]
  0x000001f261a17670 JavaThread "RMI TCP Accept-36400" daemon [_thread_in_native, id=3468, stack(0x00000008e6000000,0x00000008e6100000)]
  0x000001f261a15440 JavaThread "RMI TCP Accept-0" daemon [_thread_in_native, id=68, stack(0x00000008e6200000,0x00000008e6300000)]
  0x000001f261a15910 JavaThread "RMI Reaper" [_thread_blocked, id=10500, stack(0x00000008e6300000,0x00000008e6400000)]
  0x000001f261a21bb0 JavaThread "RMI GC Daemon" daemon [_thread_blocked, id=9832, stack(0x00000008e6400000,0x00000008e6500000)]
  0x000001f261a12a10 JavaThread "RMI TCP Connection(1)-127.0.0.1" daemon [_thread_in_native, id=13448, stack(0x00000008e6500000,0x00000008e6600000)]
  0x000001f261a63570 JavaThread "RMI Scheduler(0)" daemon [_thread_blocked, id=7988, stack(0x00000008e6700000,0x00000008e6800000)]
  0x000001f261a630a0 JavaThread "RMI RenewClean-[127.0.0.1:58748]" daemon [_thread_blocked, id=10472, stack(0x00000008e6800000,0x00000008e6900000)]
  0x000001f261a65250 JavaThread "RMI TCP Connection(3)-127.0.0.1" daemon [_thread_in_native, id=12832, stack(0x00000008e6e00000,0x00000008e6f00000)]

Other Threads:
  0x000001f260ac8bb0 VMThread "VM Thread" [stack: 0x00000008e5100000,0x00000008e5200000] [id=4960]
  0x000001f261579680 WatcherThread [stack: 0x00000008e5d00000,0x00000008e5e00000] [id=5460]
  0x000001f24a354f80 GCTaskThread "GC Thread#0" [stack: 0x00000008e4c00000,0x00000008e4d00000] [id=6016]
  0x000001f261cc1040 GCTaskThread "GC Thread#1" [stack: 0x00000008e6a00000,0x00000008e6b00000] [id=8772]
  0x000001f261cc12f0 GCTaskThread "GC Thread#2" [stack: 0x00000008e6b00000,0x00000008e6c00000] [id=12616]
  0x000001f261cc15a0 GCTaskThread "GC Thread#3" [stack: 0x00000008e6c00000,0x00000008e6d00000] [id=8972]
  0x000001f24a35bb90 ConcurrentGCThread "G1 Main Marker" [stack: 0x00000008e4d00000,0x00000008e4e00000] [id=14168]
  0x000001f24a35c4b0 ConcurrentGCThread "G1 Conc#0" [stack: 0x00000008e4e00000,0x00000008e4f00000] [id=11596]
  0x000001f24a3d6620 ConcurrentGCThread "G1 Refine#0" [stack: 0x00000008e4f00000,0x00000008e5000000] [id=10848]
  0x000001f261cc1850 ConcurrentGCThread "G1 Refine#1" [stack: 0x00000008e6d00000,0x00000008e6e00000] [id=8276]
  0x000001f24a3d6f50 ConcurrentGCThread "G1 Service" [stack: 0x00000008e5000000,0x00000008e5100000] [id=13036]

Threads with active compile tasks:
C2 CompilerThread0  1318936 2748       4       java.io.ObjectInputStream::readClassDesc (121 bytes)

VM state: not at safepoint (normal execution)

VM Mutex/Monitor currently owned by a thread: None

Heap address: 0x00000000d1200000, size: 750 MB, Compressed Oops mode: 32-bit

CDS archive(s) not mapped
Compressed class space mapped at: 0x0000000100000000-0x0000000140000000, reserved size: 1073741824
Narrow klass base: 0x0000000000000000, Narrow klass shift: 3, Narrow klass range: 0x140000000

GC Precious Log:
 CPUs: 4 total, 4 available
 Memory: 8087M
 Large Page Support: Disabled
 NUMA Support: Disabled
 Compressed Oops: Enabled (32-bit)
 Heap Region Size: 1M
 Heap Min Capacity: 128M
 Heap Initial Capacity: 128M
 Heap Max Capacity: 750M
 Pre-touch: Disabled
 Parallel Workers: 4
 Concurrent Workers: 1
 Concurrent Refinement Workers: 4
 Periodic GC: Disabled

Heap:
 garbage-first heap   total 131072K, used 19579K [0x00000000d1200000, 0x0000000100000000)
  region size 1024K, 18 young (18432K), 4 survivors (4096K)
 Metaspace       used 24793K, committed 25088K, reserved 1073152K
  class space    used 2553K, committed 2688K, reserved 1048576K

Heap Regions: E=young(eden), S=young(survivor), O=old, HS=humongous(starts), HC=humongous(continues), CS=collection set, F=free, OA=open archive, CA=closed archive, TAMS=top-at-mark-start (previous, next)
|   0|0x00000000d1200000, 0x00000000d1300000, 0x00000000d1300000|100%| O|  |TAMS 0x00000000d1300000, 0x00000000d1200000| Untracked 
|   1|0x00000000d1300000, 0x00000000d1400000, 0x00000000d1400000|100%| O|  |TAMS 0x00000000d1375400, 0x00000000d1300000| Untracked 
|   2|0x00000000d1400000, 0x00000000d1500000, 0x00000000d1500000|100%| O|  |TAMS 0x00000000d1400000, 0x00000000d1400000| Untracked 
|   3|0x00000000d1500000, 0x00000000d15eac00, 0x00000000d1600000| 91%| O|  |TAMS 0x00000000d1500000, 0x00000000d1500000| Untracked 
|   4|0x00000000d1600000, 0x00000000d1600000, 0x00000000d1700000|  0%| F|  |TAMS 0x00000000d1600000, 0x00000000d1600000| Untracked 
|   5|0x00000000d1700000, 0x00000000d1700000, 0x00000000d1800000|  0%| F|  |TAMS 0x00000000d1700000, 0x00000000d1700000| Untracked 
|   6|0x00000000d1800000, 0x00000000d1800000, 0x00000000d1900000|  0%| F|  |TAMS 0x00000000d1800000, 0x00000000d1800000| Untracked 
|   7|0x00000000d1900000, 0x00000000d1900000, 0x00000000d1a00000|  0%| F|  |TAMS 0x00000000d1900000, 0x00000000d1900000| Untracked 
|   8|0x00000000d1a00000, 0x00000000d1a00000, 0x00000000d1b00000|  0%| F|  |TAMS 0x00000000d1a00000, 0x00000000d1a00000| Untracked 
|   9|0x00000000d1b00000, 0x00000000d1b00000, 0x00000000d1c00000|  0%| F|  |TAMS 0x00000000d1b00000, 0x00000000d1b00000| Untracked 
|  10|0x00000000d1c00000, 0x00000000d1c00000, 0x00000000d1d00000|  0%| F|  |TAMS 0x00000000d1c00000, 0x00000000d1c00000| Untracked 
|  11|0x00000000d1d00000, 0x00000000d1d00000, 0x00000000d1e00000|  0%| F|  |TAMS 0x00000000d1d00000, 0x00000000d1d00000| Untracked 
|  12|0x00000000d1e00000, 0x00000000d1e00000, 0x00000000d1f00000|  0%| F|  |TAMS 0x00000000d1e00000, 0x00000000d1e00000| Untracked 
|  13|0x00000000d1f00000, 0x00000000d1f00000, 0x00000000d2000000|  0%| F|  |TAMS 0x00000000d1f00000, 0x00000000d1f00000| Untracked 
|  14|0x00000000d2000000, 0x00000000d2000000, 0x00000000d2100000|  0%| F|  |TAMS 0x00000000d2000000, 0x00000000d2000000| Untracked 
|  15|0x00000000d2100000, 0x00000000d2100000, 0x00000000d2200000|  0%| F|  |TAMS 0x00000000d2100000, 0x00000000d2100000| Untracked 
|  16|0x00000000d2200000, 0x00000000d2200000, 0x00000000d2300000|  0%| F|  |TAMS 0x00000000d2200000, 0x00000000d2200000| Untracked 
|  17|0x00000000d2300000, 0x00000000d2300000, 0x00000000d2400000|  0%| F|  |TAMS 0x00000000d2300000, 0x00000000d2300000| Untracked 
|  18|0x00000000d2400000, 0x00000000d2400000, 0x00000000d2500000|  0%| F|  |TAMS 0x00000000d2400000, 0x00000000d2400000| Untracked 
|  19|0x00000000d2500000, 0x00000000d2500000, 0x00000000d2600000|  0%| F|  |TAMS 0x00000000d2500000, 0x00000000d2500000| Untracked 
|  20|0x00000000d2600000, 0x00000000d2600000, 0x00000000d2700000|  0%| F|  |TAMS 0x00000000d2600000, 0x00000000d2600000| Untracked 
|  21|0x00000000d2700000, 0x00000000d2700000, 0x00000000d2800000|  0%| F|  |TAMS 0x00000000d2700000, 0x00000000d2700000| Untracked 
|  22|0x00000000d2800000, 0x00000000d2800000, 0x00000000d2900000|  0%| F|  |TAMS 0x00000000d2800000, 0x00000000d2800000| Untracked 
|  23|0x00000000d2900000, 0x00000000d2900000, 0x00000000d2a00000|  0%| F|  |TAMS 0x00000000d2900000, 0x00000000d2900000| Untracked 
|  24|0x00000000d2a00000, 0x00000000d2a00000, 0x00000000d2b00000|  0%| F|  |TAMS 0x00000000d2a00000, 0x00000000d2a00000| Untracked 
|  25|0x00000000d2b00000, 0x00000000d2b00000, 0x00000000d2c00000|  0%| F|  |TAMS 0x00000000d2b00000, 0x00000000d2b00000| Untracked 
|  26|0x00000000d2c00000, 0x00000000d2c00000, 0x00000000d2d00000|  0%| F|  |TAMS 0x00000000d2c00000, 0x00000000d2c00000| Untracked 
|  27|0x00000000d2d00000, 0x00000000d2d00000, 0x00000000d2e00000|  0%| F|  |TAMS 0x00000000d2d00000, 0x00000000d2d00000| Untracked 
|  28|0x00000000d2e00000, 0x00000000d2e00000, 0x00000000d2f00000|  0%| F|  |TAMS 0x00000000d2e00000, 0x00000000d2e00000| Untracked 
|  29|0x00000000d2f00000, 0x00000000d2f00000, 0x00000000d3000000|  0%| F|  |TAMS 0x00000000d2f00000, 0x00000000d2f00000| Untracked 
|  30|0x00000000d3000000, 0x00000000d3000000, 0x00000000d3100000|  0%| F|  |TAMS 0x00000000d3000000, 0x00000000d3000000| Untracked 
|  31|0x00000000d3100000, 0x00000000d3100000, 0x00000000d3200000|  0%| F|  |TAMS 0x00000000d3100000, 0x00000000d3100000| Untracked 
|  32|0x00000000d3200000, 0x00000000d3200000, 0x00000000d3300000|  0%| F|  |TAMS 0x00000000d3200000, 0x00000000d3200000| Untracked 
|  33|0x00000000d3300000, 0x00000000d3300000, 0x00000000d3400000|  0%| F|  |TAMS 0x00000000d3300000, 0x00000000d3300000| Untracked 
|  34|0x00000000d3400000, 0x00000000d3400000, 0x00000000d3500000|  0%| F|  |TAMS 0x00000000d3400000, 0x00000000d3400000| Untracked 
|  35|0x00000000d3500000, 0x00000000d3500000, 0x00000000d3600000|  0%| F|  |TAMS 0x00000000d3500000, 0x00000000d3500000| Untracked 
|  36|0x00000000d3600000, 0x00000000d3600000, 0x00000000d3700000|  0%| F|  |TAMS 0x00000000d3600000, 0x00000000d3600000| Untracked 
|  37|0x00000000d3700000, 0x00000000d3700000, 0x00000000d3800000|  0%| F|  |TAMS 0x00000000d3700000, 0x00000000d3700000| Untracked 
|  38|0x00000000d3800000, 0x00000000d3800000, 0x00000000d3900000|  0%| F|  |TAMS 0x00000000d3800000, 0x00000000d3800000| Untracked 
|  39|0x00000000d3900000, 0x00000000d3900000, 0x00000000d3a00000|  0%| F|  |TAMS 0x00000000d3900000, 0x00000000d3900000| Untracked 
|  40|0x00000000d3a00000, 0x00000000d3a00000, 0x00000000d3b00000|  0%| F|  |TAMS 0x00000000d3a00000, 0x00000000d3a00000| Untracked 
|  41|0x00000000d3b00000, 0x00000000d3b00000, 0x00000000d3c00000|  0%| F|  |TAMS 0x00000000d3b00000, 0x00000000d3b00000| Untracked 
|  42|0x00000000d3c00000, 0x00000000d3c00000, 0x00000000d3d00000|  0%| F|  |TAMS 0x00000000d3c00000, 0x00000000d3c00000| Untracked 
|  43|0x00000000d3d00000, 0x00000000d3d00000, 0x00000000d3e00000|  0%| F|  |TAMS 0x00000000d3d00000, 0x00000000d3d00000| Untracked 
|  44|0x00000000d3e00000, 0x00000000d3e00000, 0x00000000d3f00000|  0%| F|  |TAMS 0x00000000d3e00000, 0x00000000d3e00000| Untracked 
|  45|0x00000000d3f00000, 0x00000000d3f00000, 0x00000000d4000000|  0%| F|  |TAMS 0x00000000d3f00000, 0x00000000d3f00000| Untracked 
|  46|0x00000000d4000000, 0x00000000d4000000, 0x00000000d4100000|  0%| F|  |TAMS 0x00000000d4000000, 0x00000000d4000000| Untracked 
|  47|0x00000000d4100000, 0x00000000d4100000, 0x00000000d4200000|  0%| F|  |TAMS 0x00000000d4100000, 0x00000000d4100000| Untracked 
|  48|0x00000000d4200000, 0x00000000d4200000, 0x00000000d4300000|  0%| F|  |TAMS 0x00000000d4200000, 0x00000000d4200000| Untracked 
|  49|0x00000000d4300000, 0x00000000d4300000, 0x00000000d4400000|  0%| F|  |TAMS 0x00000000d4300000, 0x00000000d4300000| Untracked 
|  50|0x00000000d4400000, 0x00000000d4400000, 0x00000000d4500000|  0%| F|  |TAMS 0x00000000d4400000, 0x00000000d4400000| Untracked 
|  51|0x00000000d4500000, 0x00000000d4500000, 0x00000000d4600000|  0%| F|  |TAMS 0x00000000d4500000, 0x00000000d4500000| Untracked 
|  52|0x00000000d4600000, 0x00000000d4600000, 0x00000000d4700000|  0%| F|  |TAMS 0x00000000d4600000, 0x00000000d4600000| Untracked 
|  53|0x00000000d4700000, 0x00000000d4700000, 0x00000000d4800000|  0%| F|  |TAMS 0x00000000d4700000, 0x00000000d4700000| Untracked 
|  54|0x00000000d4800000, 0x00000000d4800000, 0x00000000d4900000|  0%| F|  |TAMS 0x00000000d4800000, 0x00000000d4800000| Untracked 
|  55|0x00000000d4900000, 0x00000000d4900000, 0x00000000d4a00000|  0%| F|  |TAMS 0x00000000d4900000, 0x00000000d4900000| Untracked 
|  56|0x00000000d4a00000, 0x00000000d4a00000, 0x00000000d4b00000|  0%| F|  |TAMS 0x00000000d4a00000, 0x00000000d4a00000| Untracked 
|  57|0x00000000d4b00000, 0x00000000d4b00000, 0x00000000d4c00000|  0%| F|  |TAMS 0x00000000d4b00000, 0x00000000d4b00000| Untracked 
|  58|0x00000000d4c00000, 0x00000000d4c00000, 0x00000000d4d00000|  0%| F|  |TAMS 0x00000000d4c00000, 0x00000000d4c00000| Untracked 
|  59|0x00000000d4d00000, 0x00000000d4d00000, 0x00000000d4e00000|  0%| F|  |TAMS 0x00000000d4d00000, 0x00000000d4d00000| Untracked 
|  60|0x00000000d4e00000, 0x00000000d4e00000, 0x00000000d4f00000|  0%| F|  |TAMS 0x00000000d4e00000, 0x00000000d4e00000| Untracked 
|  61|0x00000000d4f00000, 0x00000000d4f00000, 0x00000000d5000000|  0%| F|  |TAMS 0x00000000d4f00000, 0x00000000d4f00000| Untracked 
|  62|0x00000000d5000000, 0x00000000d5000000, 0x00000000d5100000|  0%| F|  |TAMS 0x00000000d5000000, 0x00000000d5000000| Untracked 
|  63|0x00000000d5100000, 0x00000000d5100000, 0x00000000d5200000|  0%| F|  |TAMS 0x00000000d5100000, 0x00000000d5100000| Untracked 
|  64|0x00000000d5200000, 0x00000000d5200000, 0x00000000d5300000|  0%| F|  |TAMS 0x00000000d5200000, 0x00000000d5200000| Untracked 
|  65|0x00000000d5300000, 0x00000000d5300000, 0x00000000d5400000|  0%| F|  |TAMS 0x00000000d5300000, 0x00000000d5300000| Untracked 
|  66|0x00000000d5400000, 0x00000000d5400000, 0x00000000d5500000|  0%| F|  |TAMS 0x00000000d5400000, 0x00000000d5400000| Untracked 
|  67|0x00000000d5500000, 0x00000000d5500000, 0x00000000d5600000|  0%| F|  |TAMS 0x00000000d5500000, 0x00000000d5500000| Untracked 
|  68|0x00000000d5600000, 0x00000000d5600000, 0x00000000d5700000|  0%| F|  |TAMS 0x00000000d5600000, 0x00000000d5600000| Untracked 
|  69|0x00000000d5700000, 0x00000000d5700000, 0x00000000d5800000|  0%| F|  |TAMS 0x00000000d5700000, 0x00000000d5700000| Untracked 
|  70|0x00000000d5800000, 0x00000000d5800000, 0x00000000d5900000|  0%| F|  |TAMS 0x00000000d5800000, 0x00000000d5800000| Untracked 
|  71|0x00000000d5900000, 0x00000000d5900000, 0x00000000d5a00000|  0%| F|  |TAMS 0x00000000d5900000, 0x00000000d5900000| Untracked 
|  72|0x00000000d5a00000, 0x00000000d5a00000, 0x00000000d5b00000|  0%| F|  |TAMS 0x00000000d5a00000, 0x00000000d5a00000| Untracked 
|  73|0x00000000d5b00000, 0x00000000d5b00000, 0x00000000d5c00000|  0%| F|  |TAMS 0x00000000d5b00000, 0x00000000d5b00000| Untracked 
|  74|0x00000000d5c00000, 0x00000000d5c00000, 0x00000000d5d00000|  0%| F|  |TAMS 0x00000000d5c00000, 0x00000000d5c00000| Untracked 
|  75|0x00000000d5d00000, 0x00000000d5d00000, 0x00000000d5e00000|  0%| F|  |TAMS 0x00000000d5d00000, 0x00000000d5d00000| Untracked 
|  76|0x00000000d5e00000, 0x00000000d5e00000, 0x00000000d5f00000|  0%| F|  |TAMS 0x00000000d5e00000, 0x00000000d5e00000| Untracked 
|  77|0x00000000d5f00000, 0x00000000d5f00000, 0x00000000d6000000|  0%| F|  |TAMS 0x00000000d5f00000, 0x00000000d5f00000| Untracked 
|  78|0x00000000d6000000, 0x00000000d6000000, 0x00000000d6100000|  0%| F|  |TAMS 0x00000000d6000000, 0x00000000d6000000| Untracked 
|  79|0x00000000d6100000, 0x00000000d6100000, 0x00000000d6200000|  0%| F|  |TAMS 0x00000000d6100000, 0x00000000d6100000| Untracked 
|  80|0x00000000d6200000, 0x00000000d6200000, 0x00000000d6300000|  0%| F|  |TAMS 0x00000000d6200000, 0x00000000d6200000| Untracked 
|  81|0x00000000d6300000, 0x00000000d6300000, 0x00000000d6400000|  0%| F|  |TAMS 0x00000000d6300000, 0x00000000d6300000| Untracked 
|  82|0x00000000d6400000, 0x00000000d6400000, 0x00000000d6500000|  0%| F|  |TAMS 0x00000000d6400000, 0x00000000d6400000| Untracked 
|  83|0x00000000d6500000, 0x00000000d6500000, 0x00000000d6600000|  0%| F|  |TAMS 0x00000000d6500000, 0x00000000d6500000| Untracked 
|  84|0x00000000d6600000, 0x00000000d6600000, 0x00000000d6700000|  0%| F|  |TAMS 0x00000000d6600000, 0x00000000d6600000| Untracked 
|  85|0x00000000d6700000, 0x00000000d6700000, 0x00000000d6800000|  0%| F|  |TAMS 0x00000000d6700000, 0x00000000d6700000| Untracked 
|  86|0x00000000d6800000, 0x00000000d6800000, 0x00000000d6900000|  0%| F|  |TAMS 0x00000000d6800000, 0x00000000d6800000| Untracked 
|  87|0x00000000d6900000, 0x00000000d6900000, 0x00000000d6a00000|  0%| F|  |TAMS 0x00000000d6900000, 0x00000000d6900000| Untracked 
|  88|0x00000000d6a00000, 0x00000000d6a00000, 0x00000000d6b00000|  0%| F|  |TAMS 0x00000000d6a00000, 0x00000000d6a00000| Untracked 
|  89|0x00000000d6b00000, 0x00000000d6b00000, 0x00000000d6c00000|  0%| F|  |TAMS 0x00000000d6b00000, 0x00000000d6b00000| Untracked 
|  90|0x00000000d6c00000, 0x00000000d6c00000, 0x00000000d6d00000|  0%| F|  |TAMS 0x00000000d6c00000, 0x00000000d6c00000| Untracked 
|  91|0x00000000d6d00000, 0x00000000d6d00000, 0x00000000d6e00000|  0%| F|  |TAMS 0x00000000d6d00000, 0x00000000d6d00000| Untracked 
|  92|0x00000000d6e00000, 0x00000000d6e00000, 0x00000000d6f00000|  0%| F|  |TAMS 0x00000000d6e00000, 0x00000000d6e00000| Untracked 
|  93|0x00000000d6f00000, 0x00000000d6f00000, 0x00000000d7000000|  0%| F|  |TAMS 0x00000000d6f00000, 0x00000000d6f00000| Untracked 
|  94|0x00000000d7000000, 0x00000000d7000000, 0x00000000d7100000|  0%| F|  |TAMS 0x00000000d7000000, 0x00000000d7000000| Untracked 
|  95|0x00000000d7100000, 0x00000000d7100000, 0x00000000d7200000|  0%| F|  |TAMS 0x00000000d7100000, 0x00000000d7100000| Untracked 
|  96|0x00000000d7200000, 0x00000000d7200000, 0x00000000d7300000|  0%| F|  |TAMS 0x00000000d7200000, 0x00000000d7200000| Untracked 
|  97|0x00000000d7300000, 0x00000000d7300000, 0x00000000d7400000|  0%| F|  |TAMS 0x00000000d7300000, 0x00000000d7300000| Untracked 
|  98|0x00000000d7400000, 0x00000000d7400000, 0x00000000d7500000|  0%| F|  |TAMS 0x00000000d7400000, 0x00000000d7400000| Untracked 
|  99|0x00000000d7500000, 0x00000000d7534188, 0x00000000d7600000| 20%| S|CS|TAMS 0x00000000d7500000, 0x00000000d7500000| Complete 
| 100|0x00000000d7600000, 0x00000000d7700000, 0x00000000d7700000|100%| S|CS|TAMS 0x00000000d7600000, 0x00000000d7600000| Complete 
| 101|0x00000000d7700000, 0x00000000d7800000, 0x00000000d7800000|100%| S|CS|TAMS 0x00000000d7700000, 0x00000000d7700000| Complete 
| 102|0x00000000d7800000, 0x00000000d7900000, 0x00000000d7900000|100%| S|CS|TAMS 0x00000000d7800000, 0x00000000d7800000| Complete 
| 103|0x00000000d7900000, 0x00000000d7900000, 0x00000000d7a00000|  0%| F|  |TAMS 0x00000000d7900000, 0x00000000d7900000| Untracked 
| 104|0x00000000d7a00000, 0x00000000d7a00000, 0x00000000d7b00000|  0%| F|  |TAMS 0x00000000d7a00000, 0x00000000d7a00000| Untracked 
| 105|0x00000000d7b00000, 0x00000000d7b00000, 0x00000000d7c00000|  0%| F|  |TAMS 0x00000000d7b00000, 0x00000000d7b00000| Untracked 
| 106|0x00000000d7c00000, 0x00000000d7c00000, 0x00000000d7d00000|  0%| F|  |TAMS 0x00000000d7c00000, 0x00000000d7c00000| Untracked 
| 107|0x00000000d7d00000, 0x00000000d7d00000, 0x00000000d7e00000|  0%| F|  |TAMS 0x00000000d7d00000, 0x00000000d7d00000| Untracked 
| 108|0x00000000d7e00000, 0x00000000d7e00000, 0x00000000d7f00000|  0%| F|  |TAMS 0x00000000d7e00000, 0x00000000d7e00000| Untracked 
| 109|0x00000000d7f00000, 0x00000000d7f00000, 0x00000000d8000000|  0%| F|  |TAMS 0x00000000d7f00000, 0x00000000d7f00000| Untracked 
| 110|0x00000000d8000000, 0x00000000d8000000, 0x00000000d8100000|  0%| F|  |TAMS 0x00000000d8000000, 0x00000000d8000000| Untracked 
| 111|0x00000000d8100000, 0x00000000d8100000, 0x00000000d8200000|  0%| F|  |TAMS 0x00000000d8100000, 0x00000000d8100000| Untracked 
| 112|0x00000000d8200000, 0x00000000d8200000, 0x00000000d8300000|  0%| F|  |TAMS 0x00000000d8200000, 0x00000000d8200000| Untracked 
| 113|0x00000000d8300000, 0x00000000d8300000, 0x00000000d8400000|  0%| F|  |TAMS 0x00000000d8300000, 0x00000000d8300000| Untracked 
| 114|0x00000000d8400000, 0x00000000d8400800, 0x00000000d8500000|  0%| E|  |TAMS 0x00000000d8400000, 0x00000000d8400000| Complete 
| 115|0x00000000d8500000, 0x00000000d8600000, 0x00000000d8600000|100%| E|CS|TAMS 0x00000000d8500000, 0x00000000d8500000| Complete 
| 116|0x00000000d8600000, 0x00000000d8700000, 0x00000000d8700000|100%| E|CS|TAMS 0x00000000d8600000, 0x00000000d8600000| Complete 
| 117|0x00000000d8700000, 0x00000000d8800000, 0x00000000d8800000|100%| E|CS|TAMS 0x00000000d8700000, 0x00000000d8700000| Complete 
| 118|0x00000000d8800000, 0x00000000d8900000, 0x00000000d8900000|100%| E|CS|TAMS 0x00000000d8800000, 0x00000000d8800000| Complete 
| 119|0x00000000d8900000, 0x00000000d8a00000, 0x00000000d8a00000|100%| E|CS|TAMS 0x00000000d8900000, 0x00000000d8900000| Complete 
| 120|0x00000000d8a00000, 0x00000000d8b00000, 0x00000000d8b00000|100%| E|CS|TAMS 0x00000000d8a00000, 0x00000000d8a00000| Complete 
| 121|0x00000000d8b00000, 0x00000000d8c00000, 0x00000000d8c00000|100%| E|CS|TAMS 0x00000000d8b00000, 0x00000000d8b00000| Complete 
| 122|0x00000000d8c00000, 0x00000000d8d00000, 0x00000000d8d00000|100%| E|CS|TAMS 0x00000000d8c00000, 0x00000000d8c00000| Complete 
| 123|0x00000000d8d00000, 0x00000000d8e00000, 0x00000000d8e00000|100%| E|CS|TAMS 0x00000000d8d00000, 0x00000000d8d00000| Complete 
| 124|0x00000000d8e00000, 0x00000000d8f00000, 0x00000000d8f00000|100%| E|  |TAMS 0x00000000d8e00000, 0x00000000d8e00000| Complete 
| 125|0x00000000d8f00000, 0x00000000d9000000, 0x00000000d9000000|100%| E|CS|TAMS 0x00000000d8f00000, 0x00000000d8f00000| Complete 
| 126|0x00000000d9000000, 0x00000000d9100000, 0x00000000d9100000|100%| E|CS|TAMS 0x00000000d9000000, 0x00000000d9000000| Complete 
| 127|0x00000000d9100000, 0x00000000d9200000, 0x00000000d9200000|100%| E|CS|TAMS 0x00000000d9100000, 0x00000000d9100000| Complete 

Card table byte_map: [0x000001f25ca80000,0x000001f25cc00000] _byte_map_base: 0x000001f25c3f7000

Marking Bits (Prev, Next): (CMBitMap*) 0x000001f24a3554e0, (CMBitMap*) 0x000001f24a3554a0
 Prev Bits: [0x000001f25d940000, 0x000001f25e4f8000)
 Next Bits: [0x000001f25cd80000, 0x000001f25d938000)

Polling page: 0x000001f248230000

Metaspace:

Usage:
  Non-class:     21.72 MB used.
      Class:      2.49 MB used.
       Both:     24.21 MB used.

Virtual space:
  Non-class space:       24.00 MB reserved,      21.88 MB ( 91%) committed,  3 nodes.
      Class space:        1.00 GB reserved,       2.62 MB ( <1%) committed,  1 nodes.
             Both:        1.02 GB reserved,      24.50 MB (  2%) committed. 

Chunk freelists:
   Non-Class:  1.71 MB
       Class:  1.35 MB
        Both:  3.06 MB

MaxMetaspaceSize: unlimited
CompressedClassSpaceSize: 1.00 GB
Initial GC threshold: 21.00 MB
Current GC threshold: 35.12 MB
CDS: off
MetaspaceReclaimPolicy: balanced
 - commit_granule_bytes: 65536.
 - commit_granule_words: 8192.
 - virtual_space_node_default_size: 1048576.
 - enlarge_chunks_in_place: 1.
 - new_chunks_are_fully_committed: 0.
 - uncommit_free_chunks: 1.
 - use_allocation_guard: 0.
 - handle_deallocations: 1.


Internal statistics:

num_allocs_failed_limit: 3.
num_arena_births: 320.
num_arena_deaths: 0.
num_vsnodes_births: 4.
num_vsnodes_deaths: 0.
num_space_committed: 392.
num_space_uncommitted: 0.
num_chunks_returned_to_freelist: 3.
num_chunks_taken_from_freelist: 711.
num_chunk_merges: 3.
num_chunk_splits: 410.
num_chunks_enlarged: 199.
num_purges: 0.
num_inconsistent_stats: 0.

CodeHeap 'non-profiled nmethods': size=120000Kb used=1125Kb max_used=1125Kb free=118874Kb
 bounds [0x000001f255550000, 0x000001f2557c0000, 0x000001f25ca80000]
CodeHeap 'profiled nmethods': size=120000Kb used=5701Kb max_used=5701Kb free=114298Kb
 bounds [0x000001f24e020000, 0x000001f24e5c0000, 0x000001f255550000]
CodeHeap 'non-nmethods': size=5760Kb used=1275Kb max_used=1331Kb free=4484Kb
 bounds [0x000001f24da80000, 0x000001f24dcf0000, 0x000001f24e020000]
 total_blobs=3323 nmethods=2733 adapters=502
 compilation: enabled
              stopped_count=0, restarted_count=0
 full_count=0

Compilation events (20 events):
Event: 1213.507 Thread 0x000001f2615151c0 nmethod 2737 0x000001f24e5aa210 code [0x000001f24e5aa3a0, 0x000001f24e5aa4b8]
Event: 1213.507 Thread 0x000001f2615151c0 2739       3       java.util.concurrent.locks.ReentrantLock$NonfairSync::tryAcquire (27 bytes)
Event: 1213.508 Thread 0x000001f2615151c0 nmethod 2739 0x000001f24e5aa590 code [0x000001f24e5aa740, 0x000001f24e5aa9c8]
Event: 1221.559 Thread 0x000001f2615151c0 2740       1       java.net.InetAddress::holder (5 bytes)
Event: 1221.559 Thread 0x000001f2615151c0 nmethod 2740 0x000001f255669090 code [0x000001f255669220, 0x000001f2556692f8]
Event: 1222.510 Thread 0x000001f2615151c0 2741       3       java.util.concurrent.locks.AbstractQueuedSynchronizer$Node::getAndUnsetStatus (14 bytes)
Event: 1222.510 Thread 0x000001f2615151c0 nmethod 2741 0x000001f24e5aaa90 code [0x000001f24e5aac40, 0x000001f24e5aaf28]
Event: 1222.510 Thread 0x000001f2615151c0 2742       3       java.util.concurrent.locks.AbstractQueuedSynchronizer$ConditionObject::unlinkCancelledWaiters (91 bytes)
Event: 1222.511 Thread 0x000001f2615151c0 nmethod 2742 0x000001f24e5ab090 code [0x000001f24e5ab260, 0x000001f24e5ab718]
Event: 1282.491 Thread 0x000001f2615151c0 2743   !   3       com.mysql.cj.jdbc.AbandonedConnectionCleanupThread::checkThreadContextClassLoader (20 bytes)
Event: 1282.496 Thread 0x000001f2615151c0 nmethod 2743 0x000001f24e5ab890 code [0x000001f24e5abb20, 0x000001f24e5aca18]
Event: 1282.721 Thread 0x000001f261514810 2744       4       java.nio.MappedByteBuffer::position (6 bytes)
Event: 1282.722 Thread 0x000001f261514810 nmethod 2744 0x000001f255669390 code [0x000001f255669500, 0x000001f2556695d8]
Event: 1285.530 Thread 0x000001f2615151c0 2745   !   3       java.util.concurrent.FutureTask::run (123 bytes)
Event: 1285.535 Thread 0x000001f2615151c0 nmethod 2745 0x000001f24e5ad010 code [0x000001f24e5ad4a0, 0x000001f24e5afb48]
Event: 1291.730 Thread 0x000001f2615151c0 2746  s    3       sun.rmi.transport.DGCAckHandler::startTimer (41 bytes)
Event: 1291.733 Thread 0x000001f2615151c0 nmethod 2746 0x000001f24e5b0790 code [0x000001f24e5b0960, 0x000001f24e5b0dc8]
Event: 1309.740 Thread 0x000001f2615151c0 2747       3       java.util.Vector::add (23 bytes)
Event: 1309.741 Thread 0x000001f2615151c0 nmethod 2747 0x000001f24e5b0f10 code [0x000001f24e5b10e0, 0x000001f24e5b1488]
Event: 1318.742 Thread 0x000001f261514810 2748       4       java.io.ObjectInputStream::readClassDesc (121 bytes)

GC Heap History (6 events):
Event: 10.382 GC heap before
{Heap before GC invocations=0 (full 0):
 garbage-first heap   total 131072K, used 12288K [0x00000000d1200000, 0x0000000100000000)
  region size 1024K, 13 young (13312K), 0 survivors (0K)
 Metaspace       used 15009K, committed 15296K, reserved 1064960K
  class space    used 1521K, committed 1664K, reserved 1048576K
}
Event: 10.393 GC heap after
{Heap after GC invocations=1 (full 0):
 garbage-first heap   total 131072K, used 3541K [0x00000000d1200000, 0x0000000100000000)
  region size 1024K, 2 young (2048K), 2 survivors (2048K)
 Metaspace       used 15009K, committed 15296K, reserved 1064960K
  class space    used 1521K, committed 1664K, reserved 1048576K
}
Event: 11.554 GC heap before
{Heap before GC invocations=1 (full 0):
 garbage-first heap   total 131072K, used 12757K [0x00000000d1200000, 0x0000000100000000)
  region size 1024K, 12 young (12288K), 2 survivors (2048K)
 Metaspace       used 21334K, committed 21504K, reserved 1073152K
  class space    used 2283K, committed 2368K, reserved 1048576K
}
Event: 11.560 GC heap after
{Heap after GC invocations=2 (full 0):
 garbage-first heap   total 131072K, used 5618K [0x00000000d1200000, 0x0000000100000000)
  region size 1024K, 2 young (2048K), 2 survivors (2048K)
 Metaspace       used 21334K, committed 21504K, reserved 1073152K
  class space    used 2283K, committed 2368K, reserved 1048576K
}
Event: 23.950 GC heap before
{Heap before GC invocations=3 (full 0):
 garbage-first heap   total 131072K, used 29170K [0x00000000d1200000, 0x0000000100000000)
  region size 1024K, 25 young (25600K), 2 survivors (2048K)
 Metaspace       used 24636K, committed 24960K, reserved 1073152K
  class space    used 2549K, committed 2688K, reserved 1048576K
}
Event: 23.958 GC heap after
{Heap after GC invocations=4 (full 0):
 garbage-first heap   total 131072K, used 7291K [0x00000000d1200000, 0x0000000100000000)
  region size 1024K, 4 young (4096K), 4 survivors (4096K)
 Metaspace       used 24636K, committed 24960K, reserved 1073152K
  class space    used 2549K, committed 2688K, reserved 1048576K
}

Deoptimization events (20 events):
Event: 23.277 Thread 0x000001f261a65250 DEOPT PACKING pc=0x000001f255622130 sp=0x00000008e6efe2c0
Event: 23.277 Thread 0x000001f261a65250 DEOPT UNPACKING pc=0x000001f24dad23a3 sp=0x00000008e6efe260 mode 2
Event: 23.370 Thread 0x000001f261a65250 Uncommon trap: trap_request=0xffffff45 fr.pc=0x000001f255626fdc relative=0x000000000000005c
Event: 23.370 Thread 0x000001f261a65250 Uncommon trap: reason=unstable_if action=reinterpret pc=0x000001f255626fdc method=java.io.ObjectStreamField.getSignature()Ljava/lang/String; @ 4 c2
Event: 23.370 Thread 0x000001f261a65250 DEOPT PACKING pc=0x000001f255626fdc sp=0x00000008e6efc700
Event: 23.370 Thread 0x000001f261a65250 DEOPT UNPACKING pc=0x000001f24dad23a3 sp=0x00000008e6efc690 mode 2
Event: 23.543 Thread 0x000001f261a65250 Uncommon trap: trap_request=0xffffff45 fr.pc=0x000001f2555ba150 relative=0x00000000000001b0
Event: 23.543 Thread 0x000001f261a65250 Uncommon trap: reason=unstable_if action=reinterpret pc=0x000001f2555ba150 method=java.util.HashMap.getNode(Ljava/lang/Object;)Ljava/util/HashMap$Node; @ 66 c2
Event: 23.544 Thread 0x000001f261a65250 DEOPT PACKING pc=0x000001f2555ba150 sp=0x00000008e6efdb60
Event: 23.544 Thread 0x000001f261a65250 DEOPT UNPACKING pc=0x000001f24dad23a3 sp=0x00000008e6efdad0 mode 2
Event: 23.588 Thread 0x000001f261a65250 DEOPT PACKING pc=0x000001f24e3a993a sp=0x00000008e6efd370
Event: 23.588 Thread 0x000001f261a65250 DEOPT UNPACKING pc=0x000001f24dad2b43 sp=0x00000008e6efc830 mode 0
Event: 23.967 Thread 0x000001f261a630a0 Uncommon trap: trap_request=0xffffff45 fr.pc=0x000001f2556298a4 relative=0x0000000000000104
Event: 23.967 Thread 0x000001f261a630a0 Uncommon trap: reason=unstable_if action=reinterpret pc=0x000001f2556298a4 method=java.lang.ThreadLocal.get()Ljava/lang/Object; @ 11 c2
Event: 23.967 Thread 0x000001f261a630a0 DEOPT PACKING pc=0x000001f2556298a4 sp=0x00000008e68fe7c0
Event: 23.967 Thread 0x000001f261a630a0 DEOPT UNPACKING pc=0x000001f24dad23a3 sp=0x00000008e68fe748 mode 2
Event: 51.344 Thread 0x000001f261a66590 Uncommon trap: trap_request=0xffffff45 fr.pc=0x000001f255608768 relative=0x0000000000000628
Event: 51.344 Thread 0x000001f261a66590 Uncommon trap: reason=unstable_if action=reinterpret pc=0x000001f255608768 method=java.io.BufferedInputStream.read()I @ 23 c2
Event: 51.344 Thread 0x000001f261a66590 DEOPT PACKING pc=0x000001f255608768 sp=0x00000008e66fee00
Event: 51.344 Thread 0x000001f261a66590 DEOPT UNPACKING pc=0x000001f24dad23a3 sp=0x00000008e66fede0 mode 2

Classes unloaded (0 events):
No events

Classes redefined (0 events):
No events

Internal exceptions (20 events):
Event: 10.852 Thread 0x000001f261a66590 Exception <a 'java/lang/NoSuchMethodError'{0x00000000d8dfa360}: 'int java.lang.invoke.DirectMethodHandle$Holder.invokeStaticInit(java.lang.Object, java.lang.Object, java.lang.Object, java.lang.Object)'> (0x00000000d8dfa360) 
thrown [s\src\hotspot\share\interpreter\linkResolver.cpp, line 771]
Event: 10.856 Thread 0x000001f261a66590 Exception <a 'java/lang/IncompatibleClassChangeError'{0x00000000d8c03e40}: Found class java.lang.Object, but interface was expected> (0x00000000d8c03e40) 
thrown [s\src\hotspot\share\interpreter\linkResolver.cpp, line 838]
Event: 10.858 Thread 0x000001f261a66590 Exception <a 'java/lang/NoSuchMethodError'{0x00000000d8c096e0}: 'int java.lang.invoke.DirectMethodHandle$Holder.invokeStaticInit(java.lang.Object, java.lang.Object)'> (0x00000000d8c096e0) 
thrown [s\src\hotspot\share\interpreter\linkResolver.cpp, line 771]
Event: 11.810 Thread 0x000001f261a66590 Implicit null exception at 0x000001f2555979d5 to 0x000001f255597f98
Event: 11.913 Thread 0x000001f261a66590 Exception <a 'java/io/IOException'{0x00000000d8fe8e48}> (0x00000000d8fe8e48) 
thrown [s\src\hotspot\share\prims\jni.cpp, line 517]
Event: 12.078 Thread 0x000001f261a66590 Implicit null exception at 0x000001f25558c052 to 0x000001f25558c604
Event: 12.385 Thread 0x000001f261a66590 Exception <a 'java/lang/NoSuchMethodError'{0x00000000d8806b00}: static Lcom/intellij/database/remote/jdba/core/ConnectionInfo;.<clinit>()V> (0x00000000d8806b00) 
thrown [s\src\hotspot\share\prims\jni.cpp, line 1108]
Event: 12.387 Thread 0x000001f261a66590 Exception <a 'java/lang/NoSuchMethodError'{0x00000000d8810ff0}: static Ljava/lang/Object;.<clinit>()V> (0x00000000d8810ff0) 
thrown [s\src\hotspot\share\prims\jni.cpp, line 1108]
Event: 12.387 Thread 0x000001f261a66590 Exception <a 'java/lang/NoSuchMethodError'{0x00000000d8814be0}: static [I.<clinit>()V> (0x00000000d8814be0) 
thrown [s\src\hotspot\share\prims\jni.cpp, line 1108]
Event: 12.541 Thread 0x000001f261a66590 Exception <a 'java/lang/NoSuchMethodError'{0x00000000d8897c18}: static Lcom/intellij/database/remote/jdbc/RemoteResultSet$DataRetrievingOptions;.<clinit>()V> (0x00000000d8897c18) 
thrown [s\src\hotspot\share\prims\jni.cpp, line 1108]
Event: 12.545 Thread 0x000001f261a66590 Exception <a 'java/lang/NoSuchMethodError'{0x00000000d88a43a0}: static [Ljava/lang/Object;.<clinit>()V> (0x00000000d88a43a0) 
thrown [s\src\hotspot\share\prims\jni.cpp, line 1108]
Event: 12.667 Thread 0x000001f261a66590 Exception <a 'java/lang/reflect/InvocationTargetException'{0x00000000d856df08}> (0x00000000d856df08) 
thrown [s\src\hotspot\share\runtime\reflection.cpp, line 1127]
Event: 12.673 Thread 0x000001f261a66590 Exception <a 'java/lang/NoSuchMethodError'{0x00000000d8584d00}: static [Ljava/lang/StackTraceElement;.<clinit>()V> (0x00000000d8584d00) 
thrown [s\src\hotspot\share\prims\jni.cpp, line 1108]
Event: 12.762 Thread 0x000001f261a66590 Exception <a 'java/io/IOException'{0x00000000d85ce6f8}> (0x00000000d85ce6f8) 
thrown [s\src\hotspot\share\prims\jni.cpp, line 517]
Event: 22.063 Thread 0x000001f261a65250 Exception <a 'java/lang/NoSuchMethodError'{0x00000000d81831d0}: static Lcom/intellij/database/remote/jdba/core/ResultLayout;.<clinit>()V> (0x00000000d81831d0) 
thrown [s\src\hotspot\share\prims\jni.cpp, line 1108]
Event: 22.066 Thread 0x000001f261a65250 Exception <a 'java/lang/NoSuchMethodError'{0x00000000d818fb08}: static Lcom/intellij/database/remote/jdba/core/RowLayout;.<clinit>()V> (0x00000000d818fb08) 
thrown [s\src\hotspot\share\prims\jni.cpp, line 1108]
Event: 22.067 Thread 0x000001f261a65250 Exception <a 'java/lang/NoSuchMethodError'{0x00000000d819a8d0}: static Lcom/intellij/database/remote/jdba/util/NameAndClass;.<clinit>()V> (0x00000000d819a8d0) 
thrown [s\src\hotspot\share\prims\jni.cpp, line 1108]
Event: 22.122 Thread 0x000001f261a65250 Exception <a 'java/lang/NoSuchMethodError'{0x00000000d8009b68}: static [Ljava/lang/String;.<clinit>()V> (0x00000000d8009b68) 
thrown [s\src\hotspot\share\prims\jni.cpp, line 1108]
Event: 23.967 Thread 0x000001f261a630a0 Implicit null exception at 0x000001f2556297df to 0x000001f255629890
Event: 24.164 Thread 0x000001f261a65250 Exception <a 'java/io/IOException'{0x00000000d8b2f700}> (0x00000000d8b2f700) 
thrown [s\src\hotspot\share\prims\jni.cpp, line 517]

VM Operations (20 events):
Event: 546.940 Executing VM operation: Cleanup
Event: 546.940 Executing VM operation: Cleanup done
Event: 625.136 Executing VM operation: Cleanup
Event: 625.136 Executing VM operation: Cleanup done
Event: 690.385 Executing VM operation: Cleanup
Event: 690.385 Executing VM operation: Cleanup done
Event: 906.932 Executing VM operation: Cleanup
Event: 906.932 Executing VM operation: Cleanup done
Event: 913.935 Executing VM operation: Cleanup
Event: 913.935 Executing VM operation: Cleanup done
Event: 921.947 Executing VM operation: Cleanup
Event: 921.947 Executing VM operation: Cleanup done
Event: 1113.187 Executing VM operation: Cleanup
Event: 1113.187 Executing VM operation: Cleanup done
Event: 1205.384 Executing VM operation: Cleanup
Event: 1205.384 Executing VM operation: Cleanup done
Event: 1207.385 Executing VM operation: Cleanup
Event: 1207.385 Executing VM operation: Cleanup done
Event: 1284.472 Executing VM operation: Cleanup
Event: 1284.472 Executing VM operation: Cleanup done

Events (20 events):
Event: 28.114 Thread 0x000001f261a648b0 Thread exited: 0x000001f261a648b0
Event: 61.514 Thread 0x000001f261a63f10 Thread added: 0x000001f261a63f10
Event: 62.528 Thread 0x000001f261a63f10 Thread exited: 0x000001f261a63f10
Event: 64.459 Thread 0x000001f261a63f10 Thread added: 0x000001f261a63f10
Event: 64.514 Thread 0x000001f261a63f10 Thread exited: 0x000001f261a63f10
Event: 111.347 loading class java/util/IdentityHashMap$KeyIterator
Event: 111.347 loading class java/util/IdentityHashMap$KeyIterator done
Event: 111.348 Thread 0x000001f261a66590 Thread exited: 0x000001f261a66590
Event: 662.217 Thread 0x000001f261a66a60 Thread added: 0x000001f261a66a60
Event: 663.237 Thread 0x000001f261a66a60 Thread exited: 0x000001f261a66a60
Event: 670.833 Thread 0x000001f261a63f10 Thread added: 0x000001f261a63f10
Event: 671.893 Thread 0x000001f261a63f10 Thread exited: 0x000001f261a63f10
Event: 692.014 Thread 0x000001f261a64d80 Thread added: 0x000001f261a64d80
Event: 693.068 Thread 0x000001f261a64d80 Thread exited: 0x000001f261a64d80
Event: 694.903 Thread 0x000001f261a63f10 Thread added: 0x000001f261a63f10
Event: 696.423 Thread 0x000001f261a63f10 Thread exited: 0x000001f261a63f10
Event: 734.681 Thread 0x000001f261a65bf0 Thread added: 0x000001f261a65bf0
Event: 735.689 Thread 0x000001f261a65bf0 Thread exited: 0x000001f261a65bf0
Event: 1215.720 Thread 0x000001f261a65bf0 Thread added: 0x000001f261a65bf0
Event: 1216.727 Thread 0x000001f261a65bf0 Thread exited: 0x000001f261a65bf0


Dynamic libraries:
0x00007ff6ac1e0000 - 0x00007ff6ac1ea000 	C:\Program Files\JetBrains\IntelliJ IDEA 2022.2.3\jbr\bin\java.exe
0x00007ffd8b730000 - 0x00007ffd8b928000 	C:\WINDOWS\SYSTEM32\ntdll.dll
0x00007ffd89800000 - 0x00007ffd898bf000 	C:\WINDOWS\System32\KERNEL32.DLL
0x00007ffd89490000 - 0x00007ffd89762000 	C:\WINDOWS\System32\KERNELBASE.dll
0x00007ffd88e20000 - 0x00007ffd88f20000 	C:\WINDOWS\System32\ucrtbase.dll
0x00007ffd7ca50000 - 0x00007ffd7ca67000 	C:\Program Files\JetBrains\IntelliJ IDEA 2022.2.3\jbr\bin\jli.dll
0x00007ffd8b1d0000 - 0x00007ffd8b371000 	C:\WINDOWS\System32\USER32.dll
0x00007ffd893d0000 - 0x00007ffd893f2000 	C:\WINDOWS\System32\win32u.dll
0x00007ffd8b180000 - 0x00007ffd8b1ab000 	C:\WINDOWS\System32\GDI32.dll
0x00007ffd89130000 - 0x00007ffd8923f000 	C:\WINDOWS\System32\gdi32full.dll
0x00007ffd892c0000 - 0x00007ffd8935d000 	C:\WINDOWS\System32\msvcp_win.dll
0x00007ffd76cd0000 - 0x00007ffd76ceb000 	C:\Program Files\JetBrains\IntelliJ IDEA 2022.2.3\jbr\bin\VCRUNTIME140.dll
0x00007ffd7d160000 - 0x00007ffd7d3fa000 	C:\WINDOWS\WinSxS\amd64_microsoft.windows.common-controls_6595b64144ccf1df_6.0.19041.1110_none_60b5254171f9507e\COMCTL32.dll
0x00007ffd8a3e0000 - 0x00007ffd8a47e000 	C:\WINDOWS\System32\msvcrt.dll
0x00007ffd8b600000 - 0x00007ffd8b632000 	C:\WINDOWS\System32\IMM32.DLL
0x00007ffd7dcc0000 - 0x00007ffd7dccc000 	C:\Program Files\JetBrains\IntelliJ IDEA 2022.2.3\jbr\bin\vcruntime140_1.dll
0x00007ffd6bfa0000 - 0x00007ffd6c02d000 	C:\Program Files\JetBrains\IntelliJ IDEA 2022.2.3\jbr\bin\msvcp140.dll
0x00007ffd200a0000 - 0x00007ffd20d09000 	C:\Program Files\JetBrains\IntelliJ IDEA 2022.2.3\jbr\bin\server\jvm.dll
0x00007ffd8a140000 - 0x00007ffd8a1ee000 	C:\WINDOWS\System32\ADVAPI32.dll
0x00007ffd8b0d0000 - 0x00007ffd8b16c000 	C:\WINDOWS\System32\sechost.dll
0x00007ffd8a7f0000 - 0x00007ffd8a915000 	C:\WINDOWS\System32\RPCRT4.dll
0x00007ffd8b170000 - 0x00007ffd8b178000 	C:\WINDOWS\System32\PSAPI.DLL
0x00007ffd65520000 - 0x00007ffd65529000 	C:\WINDOWS\SYSTEM32\WSOCK32.dll
0x00007ffd8b590000 - 0x00007ffd8b5fb000 	C:\WINDOWS\System32\WS2_32.dll
0x00007ffd7d100000 - 0x00007ffd7d127000 	C:\WINDOWS\SYSTEM32\WINMM.dll
0x00007ffd7e6a0000 - 0x00007ffd7e6aa000 	C:\WINDOWS\SYSTEM32\VERSION.dll
0x00007ffd87670000 - 0x00007ffd87682000 	C:\WINDOWS\SYSTEM32\kernel.appcore.dll
0x00007ffd82f40000 - 0x00007ffd82f4a000 	C:\Program Files\JetBrains\IntelliJ IDEA 2022.2.3\jbr\bin\jimage.dll
0x00007ffd812b0000 - 0x00007ffd81494000 	C:\WINDOWS\SYSTEM32\DBGHELP.DLL
0x00007ffd803a0000 - 0x00007ffd803d5000 	C:\WINDOWS\SYSTEM32\dbgcore.DLL
0x00007ffd89400000 - 0x00007ffd89482000 	C:\WINDOWS\System32\bcryptPrimitives.dll
0x00007ffd82f10000 - 0x00007ffd82f35000 	C:\Program Files\JetBrains\IntelliJ IDEA 2022.2.3\jbr\bin\java.dll
0x00007ffd820b0000 - 0x00007ffd820c8000 	C:\Program Files\JetBrains\IntelliJ IDEA 2022.2.3\jbr\bin\zip.dll
0x00007ffd8a920000 - 0x00007ffd8b065000 	C:\WINDOWS\System32\SHELL32.dll
0x00007ffd86ba0000 - 0x00007ffd87332000 	C:\WINDOWS\SYSTEM32\windows.storage.dll
0x00007ffd8a480000 - 0x00007ffd8a7d5000 	C:\WINDOWS\System32\combase.dll
0x00007ffd887a0000 - 0x00007ffd887d0000 	C:\WINDOWS\SYSTEM32\Wldp.dll
0x00007ffd8b640000 - 0x00007ffd8b6ed000 	C:\WINDOWS\System32\SHCORE.dll
0x00007ffd89fd0000 - 0x00007ffd8a025000 	C:\WINDOWS\System32\shlwapi.dll
0x00007ffd88d60000 - 0x00007ffd88d7f000 	C:\WINDOWS\SYSTEM32\profapi.dll
0x00007ffd82090000 - 0x00007ffd820a9000 	C:\Program Files\JetBrains\IntelliJ IDEA 2022.2.3\jbr\bin\net.dll
0x00007ffd80430000 - 0x00007ffd8053c000 	C:\WINDOWS\SYSTEM32\WINHTTP.dll
0x00007ffd88500000 - 0x00007ffd8856a000 	C:\WINDOWS\system32\mswsock.dll
0x00007ffd82070000 - 0x00007ffd82086000 	C:\Program Files\JetBrains\IntelliJ IDEA 2022.2.3\jbr\bin\nio.dll
0x00007ffd1ff00000 - 0x00007ffd20093000 	C:\Program Files\JetBrains\IntelliJ IDEA 2022.2.3\jbr\bin\awt.dll
0x00007ffd8a310000 - 0x00007ffd8a3dd000 	C:\WINDOWS\System32\OLEAUT32.dll
0x00007ffd866d0000 - 0x00007ffd866ff000 	C:\WINDOWS\SYSTEM32\dwmapi.dll
0x00007ffd86320000 - 0x00007ffd863b0000 	C:\WINDOWS\SYSTEM32\apphelp.dll
0x00007ffd864f0000 - 0x00007ffd8658e000 	C:\WINDOWS\system32\uxtheme.dll
0x00007ffd8a1f0000 - 0x00007ffd8a305000 	C:\WINDOWS\System32\MSCTF.dll
0x00007ffd8b460000 - 0x00007ffd8b58a000 	C:\WINDOWS\System32\ole32.dll
0x00007ffd881f0000 - 0x00007ffd8822b000 	C:\WINDOWS\SYSTEM32\IPHLPAPI.DLL
0x00007ffd8a7e0000 - 0x00007ffd8a7e8000 	C:\WINDOWS\System32\NSI.dll
0x00007ffd80a50000 - 0x00007ffd80a67000 	C:\WINDOWS\SYSTEM32\dhcpcsvc6.DLL
0x00007ffd81570000 - 0x00007ffd8158d000 	C:\WINDOWS\SYSTEM32\dhcpcsvc.DLL
0x00007ffd88230000 - 0x00007ffd882fb000 	C:\WINDOWS\SYSTEM32\DNSAPI.dll
0x00007ffd886f0000 - 0x00007ffd88708000 	C:\WINDOWS\SYSTEM32\CRYPTSP.dll
0x00007ffd87e20000 - 0x00007ffd87e54000 	C:\WINDOWS\system32\rsaenh.dll
0x00007ffd89290000 - 0x00007ffd892b7000 	C:\WINDOWS\System32\bcrypt.dll
0x00007ffd88ce0000 - 0x00007ffd88d0e000 	C:\WINDOWS\SYSTEM32\USERENV.dll
0x00007ffd88710000 - 0x00007ffd8871c000 	C:\WINDOWS\SYSTEM32\CRYPTBASE.dll
0x00007ffd6a060000 - 0x00007ffd6a067000 	C:\Program Files\JetBrains\IntelliJ IDEA 2022.2.3\jbr\bin\rmi.dll
0x00007ffd82060000 - 0x00007ffd82070000 	C:\Program Files\JetBrains\IntelliJ IDEA 2022.2.3\jbr\bin\verify.dll
0x00007ffd82880000 - 0x00007ffd8288a000 	C:\Windows\System32\rasadhlp.dll
0x00007ffd79d80000 - 0x00007ffd79e00000 	C:\WINDOWS\System32\fwpuclnt.dll
0x00007ffd81dc0000 - 0x00007ffd81dcd000 	C:\Program Files\JetBrains\IntelliJ IDEA 2022.2.3\jbr\bin\sunmscapi.dll
0x00007ffd88fd0000 - 0x00007ffd89126000 	C:\WINDOWS\System32\CRYPT32.dll
0x00007ffd88810000 - 0x00007ffd88837000 	C:\WINDOWS\SYSTEM32\ncrypt.dll
0x00007ffd887d0000 - 0x00007ffd8880b000 	C:\WINDOWS\SYSTEM32\NTASN1.dll

dbghelp: loaded successfully - version: 4.0.5 - missing functions: none
symbol engine: initialized successfully - sym options: 0x614 - pdb path: .;C:\Program Files\JetBrains\IntelliJ IDEA 2022.2.3\jbr\bin;C:\WINDOWS\SYSTEM32;C:\WINDOWS\WinSxS\amd64_microsoft.windows.common-controls_6595b64144ccf1df_6.0.19041.1110_none_60b5254171f9507e;C:\Program Files\JetBrains\IntelliJ IDEA 2022.2.3\jbr\bin\server

VM Arguments:
jvm_args: -Dawt.toolkit=com.intellij.desktop.DesktopActionsToolkit -Djava.rmi.server.hostname=127.0.0.1 -Duser.timezone=UTC -Xmx750m -Xms128m --add-exports=java.desktop/sun.awt=ALL-UNNAMED --add-exports=java.desktop/java.awt.peer=ALL-UNNAMED --add-opens=java.desktop/java.awt=ALL-UNNAMED --add-opens=jdk.unsupported/sun.misc=ALL-UNNAMED --add-opens=java.base/java.nio=ALL-UNNAMED -Dfile.encoding=UTF-8 
java_command: com.intellij.database.remote.RemoteJdbcServer com.mysql.cj.jdbc.Driver
java_class_path (initial): C:\Program Files\JetBrains\IntelliJ IDEA 2022.2.3\lib\util_rt.jar;C:\Program Files\JetBrains\IntelliJ IDEA 2022.2.3\lib\util.jar;C:\Program Files\JetBrains\IntelliJ IDEA 2022.2.3\lib\groovy.jar;C:\Program Files\JetBrains\IntelliJ IDEA 2022.2.3\plugins\DatabaseTools\lib\jdbc-console.jar;C:\Users\Sony\AppData\Roaming\JetBrains\IntelliJIdea2022.2\jdbc-drivers\MySQL ConnectorJ\8.0.25\mysql-connector-java-8.0.25.jar
Launcher Type: SUN_STANDARD

[Global flags]
     intx CICompilerCount                          = 3                                         {product} {ergonomic}
     uint ConcGCThreads                            = 1                                         {product} {ergonomic}
     uint G1ConcRefinementThreads                  = 4                                         {product} {ergonomic}
   size_t G1HeapRegionSize                         = 1048576                                   {product} {ergonomic}
    uintx GCDrainStackTargetSize                   = 64                                        {product} {ergonomic}
   size_t InitialHeapSize                          = 134217728                                 {product} {command line}
   size_t MarkStackSize                            = 4194304                                   {product} {ergonomic}
   size_t MaxHeapSize                              = 786432000                                 {product} {command line}
   size_t MaxNewSize                               = 471859200                                 {product} {ergonomic}
   size_t MinHeapDeltaBytes                        = 1048576                                   {product} {ergonomic}
   size_t MinHeapSize                              = 134217728                                 {product} {command line}
    uintx NonNMethodCodeHeapSize                   = 5832780                                {pd product} {ergonomic}
    uintx NonProfiledCodeHeapSize                  = 122912730                              {pd product} {ergonomic}
    uintx ProfiledCodeHeapSize                     = 122912730                              {pd product} {ergonomic}
    uintx ReservedCodeCacheSize                    = 251658240                              {pd product} {ergonomic}
     bool SegmentedCodeCache                       = true                                      {product} {ergonomic}
   size_t SoftMaxHeapSize                          = 786432000                              {manageable} {ergonomic}
     bool UseCompressedClassPointers               = true                           {product lp64_product} {ergonomic}
     bool UseCompressedOops                        = true                           {product lp64_product} {ergonomic}
     bool UseG1GC                                  = true                                      {product} {ergonomic}
     bool UseLargePagesIndividualAllocation        = false                                  {pd product} {ergonomic}

Logging:
Log output configuration:
 #0: stdout all=warning uptime,level,tags
 #1: stderr all=off uptime,level,tags

Environment Variables:
PATH=C:\WINDOWS\system32;C:\WINDOWS;C:\WINDOWS\System32\Wbem;C:\WINDOWS\System32\WindowsPowerShell\v1.0\;C:\WINDOWS\System32\OpenSSH\;C:\Program Files\TortoiseGit\bin;C:\Users\Sony\AppData\Local\Microsoft\WindowsApps;C:\Users\Sony\AppData\Local\GitHubDesktop\bin;
USERNAME=Sony
OS=Windows_NT
PROCESSOR_IDENTIFIER=Intel64 Family 6 Model 69 Stepping 1, GenuineIntel
TMP=C:\Users\Sony\AppData\Local\Temp
TEMP=C:\Users\Sony\AppData\Local\Temp



---------------  S Y S T E M  ---------------

OS:
 Windows 10 , 64 bit Build 19041 (10.0.19041.2546)
OS uptime: 0 days 22:15 hours

CPU: total 4 (initial active 4) (2 cores per cpu, 2 threads per core) family 6 model 69 stepping 1 microcode 0x25, cx8, cmov, fxsr, ht, mmx, sse, sse2, sse3, ssse3, sse4.1, sse4.2, popcnt, lzcnt, tsc, tscinvbit, avx, avx2, aes, erms, clmul, bmi1, bmi2, fma, vzeroupper, clflush

Memory: 4k page, system-wide physical 8087M (934M free)
TotalPageFile size 31996M (AvailPageFile size 4M)
current process WorkingSet (physical memory assigned to process): 54M, peak: 111M
current process commit charge ("private bytes"): 240M, peak: 262M

vm_info: OpenJDK 64-Bit Server VM (17.0.4.1+7-b469.62) for windows-amd64 JRE (17.0.4.1+7-b469.62), built on 2022-09-22 by "builduser" with MS VC++ 16.10 / 16.11 (VS2019)

END.
